Logfile initialized
[INFO] logfile = C:\Users\Jorge\My Documents\Titanium Studio Workspace\Wallet Stock\build.log
[DEBUG] C:\Users\Jorge\AppData\Roaming\Titanium\mobilesdk\win32\2.0.1.GA2\android\builder.py simulator Wallet Stock C:\Users\Jorge\android-sdk-windows C:\Users\Jorge\My Documents\Titanium Studio Workspace\Wallet Stock tk.walletstock.app 2 HVGA
[INFO] Building Wallet Stock for Android ... one moment
[INFO] Titanium SDK version: 2.0.1 (04/12/12 16:33 999c68a)
[DEBUG] Waiting for device to be ready ...
[TRACE] adb devices returned 1 devices/emulators
[DEBUG] Device connected... (waited 0 seconds)
[DEBUG] waited 0.032000 seconds on emulator to get ready
[DEBUG] tk.walletstock.app installed? True
[INFO] Fastdev server running, deploying in Fastdev mode
[INFO] Copying CommonJS modules...
[INFO] Copying project resources..
[TRACE] COPYING MODIFIED FILE: C:\Users\Jorge\My Documents\Titanium Studio Workspace\Wallet Stock\Resources\ui\common\FirstView.js => C:\Users\Jorge\My Documents\Titanium Studio Workspace\Wallet Stock\build\android\bin\assets\Resources\ui\common\FirstView.js
[INFO] Tiapp.xml unchanged, skipping class generation
[DEBUG] Processing Android resource drawables
[DEBUG] found drawable-long-land-hdpi splash screen at C:\Users\Jorge\My Documents\Titanium Studio Workspace\Wallet Stock\Resources\android\images\res-long-land-hdpi\default.png
[DEBUG] found drawable-long-land-ldpi splash screen at C:\Users\Jorge\My Documents\Titanium Studio Workspace\Wallet Stock\Resources\android\images\res-long-land-ldpi\default.png
[DEBUG] found drawable-long-port-hdpi splash screen at C:\Users\Jorge\My Documents\Titanium Studio Workspace\Wallet Stock\Resources\android\images\res-long-port-hdpi\default.png
[DEBUG] found drawable-long-port-ldpi splash screen at C:\Users\Jorge\My Documents\Titanium Studio Workspace\Wallet Stock\Resources\android\images\res-long-port-ldpi\default.png
[DEBUG] found drawable-notlong-land-hdpi splash screen at C:\Users\Jorge\My Documents\Titanium Studio Workspace\Wallet Stock\Resources\android\images\res-notlong-land-hdpi\default.png
[DEBUG] found drawable-notlong-land-ldpi splash screen at C:\Users\Jorge\My Documents\Titanium Studio Workspace\Wallet Stock\Resources\android\images\res-notlong-land-ldpi\default.png
[DEBUG] found drawable-notlong-land-mdpi splash screen at C:\Users\Jorge\My Documents\Titanium Studio Workspace\Wallet Stock\Resources\android\images\res-notlong-land-mdpi\default.png
[DEBUG] found drawable-notlong-port-hdpi splash screen at C:\Users\Jorge\My Documents\Titanium Studio Workspace\Wallet Stock\Resources\android\images\res-notlong-port-hdpi\default.png
[DEBUG] found drawable-notlong-port-ldpi splash screen at C:\Users\Jorge\My Documents\Titanium Studio Workspace\Wallet Stock\Resources\android\images\res-notlong-port-ldpi\default.png
[DEBUG] found drawable-notlong-port-mdpi splash screen at C:\Users\Jorge\My Documents\Titanium Studio Workspace\Wallet Stock\Resources\android\images\res-notlong-port-mdpi\default.png
[INFO] Waiting for SDCard to become available..
[INFO] Re-launching application ... Wallet Stock
[INFO] Launching application ... Wallet Stock
[TRACE] Launch output: Starting: Intent { act=android.intent.action.MAIN cat=[android.intent.category.LAUNCHER] cmp=tk.walletstock.app/.WalletStockActivity }
Warning: Activity not started, its current task has been brought to the front

